#-----------------------------------------------------------
# Webtalk v2019.1 (64-bit)
# SW Build 2552052 on Fri May 24 14:47:09 MDT 2019
# 
# Start of session at: Mon Dec  9 16:04:37 2019
# Process ID: 10122
# Current directory: /home/jiwon/project/team2/team_2_v_006_memory_connection/team_2_v_006_memory_connection.sdk/webtalk
# Command line: wbtcv -mode batch -source sdk_webtalk.tcl
# Log file: /home/jiwon/project/team2/team_2_v_006_memory_connection/team_2_v_006_memory_connection.sdk/webtalk/webtalk.log
# Journal file: /home/jiwon/project/team2/team_2_v_006_memory_connection/team_2_v_006_memory_connection.sdk/webtalk/webtalk.jou
#-----------------------------------------------------------
source sdk_webtalk.tcl
# webtalk_init -webtalk_dir /home/jiwon/project/team2/team_2_v_006_memory_connection/team_2_v_006_memory_connection.sdk/webtalk
# webtalk_register_client -client project
# webtalk_add_data -client project -key date_generated -value "2019-12-09 16:04:36" -context "software_version_and_target_device"
# webtalk_add_data -client project -key product_version -value "SDK v2019.1" -context "software_version_and_target_device"
# webtalk_add_data -client project -key build_version -value "2019.1" -context "software_version_and_target_device"
# webtalk_add_data -client project -key os_platform -value "amd64" -context "software_version_and_target_device"
# webtalk_add_data -client project -key registration_id -value "211827252_1777533353_0_848" -context "software_version_and_target_device"
# webtalk_add_data -client project -key tool_flow -value "SDK" -context "software_version_and_target_device"
# webtalk_add_data -client project -key beta -value "false" -context "software_version_and_target_device"
# webtalk_add_data -client project -key route_design -value "NA" -context "software_version_and_target_device"
# webtalk_add_data -client project -key target_family -value "NA" -context "software_version_and_target_device"
# webtalk_add_data -client project -key target_device -value "NA" -context "software_version_and_target_device"
# webtalk_add_data -client project -key target_package -value "NA" -context "software_version_and_target_device"
# webtalk_add_data -client project -key target_speed -value "NA" -context "software_version_and_target_device"
# webtalk_add_data -client project -key random_id -value "ih49gabtro27vi5ceqcaq7bnkf" -context "software_version_and_target_device"
# webtalk_add_data -client project -key project_id -value "2019.1_20" -context "software_version_and_target_device"
# webtalk_add_data -client project -key project_iteration -value "20" -context "software_version_and_target_device"
# webtalk_add_data -client project -key os_name -value "Ubuntu" -context "user_environment"
# webtalk_add_data -client project -key os_release -value "Ubuntu 18.04.3 LTS" -context "user_environment"
# webtalk_add_data -client project -key cpu_name -value "Intel(R) Core(TM) i5-7300HQ CPU @ 2.50GHz" -context "user_environment"
# webtalk_add_data -client project -key cpu_speed -value "2496.000 MHz" -context "user_environment"
# webtalk_add_data -client project -key total_processors -value "1" -context "user_environment"
# webtalk_add_data -client project -key system_ram -value "8.361 GB" -context "user_environment"
# webtalk_register_client -client sdk
# webtalk_add_data -client sdk -key uid -value "1575929936000" -context "sdk\\\\bsp/1575929936000"
# webtalk_add_data -client sdk -key hwid -value "1575911654000" -context "sdk\\\\bsp/1575929936000"
# webtalk_add_data -client sdk -key os -value "standalone" -context "sdk\\\\bsp/1575929936000"
# webtalk_add_data -client sdk -key apptemplate -value "lwip_udp_perf_client" -context "sdk\\\\bsp/1575929936000"
# webtalk_add_data -client sdk -key RecordType -value "BSPCreation" -context "sdk\\\\bsp/1575929936000"
# webtalk_add_data -client sdk -key uid -value "1575929949000" -context "sdk\\\\application/1575929949000"
# webtalk_add_data -client sdk -key hwid -value "1575911654000" -context "sdk\\\\application/1575929949000"
# webtalk_add_data -client sdk -key bspid -value "1575929936000" -context "sdk\\\\application/1575929949000"
# webtalk_add_data -client sdk -key newbsp -value "true" -context "sdk\\\\application/1575929949000"
# webtalk_add_data -client sdk -key os -value "standalone" -context "sdk\\\\application/1575929949000"
# webtalk_add_data -client sdk -key apptemplate -value "lwip_udp_perf_client" -context "sdk\\\\application/1575929949000"
# webtalk_add_data -client sdk -key RecordType -value "APPCreation" -context "sdk\\\\application/1575929949000"
# webtalk_add_data -client sdk -key LangUsed -value "C" -context "sdk\\\\application/1575929949000"
# webtalk_add_data -client sdk -key Procused -value "ps7_cortexa9" -context "sdk\\\\application/1575929949000"
# webtalk_add_data -client sdk -key projSize -value "1105.53515625" -context "sdk\\\\application/1575929949000"
# webtalk_add_data -client sdk -key uid -value "1575930160000" -context "sdk\\\\bsp/1575930160000"
# webtalk_add_data -client sdk -key hwid -value "1575911654000" -context "sdk\\\\bsp/1575930160000"
# webtalk_add_data -client sdk -key os -value "standalone" -context "sdk\\\\bsp/1575930160000"
# webtalk_add_data -client sdk -key apptemplate -value "memory_tests" -context "sdk\\\\bsp/1575930160000"
# webtalk_add_data -client sdk -key RecordType -value "BSPCreation" -context "sdk\\\\bsp/1575930160000"
# webtalk_add_data -client sdk -key uid -value "1575930162000" -context "sdk\\\\application/1575930162000"
# webtalk_add_data -client sdk -key hwid -value "1575911654000" -context "sdk\\\\application/1575930162000"
# webtalk_add_data -client sdk -key bspid -value "1575930160000" -context "sdk\\\\application/1575930162000"
# webtalk_add_data -client sdk -key newbsp -value "true" -context "sdk\\\\application/1575930162000"
# webtalk_add_data -client sdk -key os -value "standalone" -context "sdk\\\\application/1575930162000"
# webtalk_add_data -client sdk -key apptemplate -value "memory_tests" -context "sdk\\\\application/1575930162000"
# webtalk_add_data -client sdk -key RecordType -value "APPCreation" -context "sdk\\\\application/1575930162000"
# webtalk_add_data -client sdk -key LangUsed -value "C" -context "sdk\\\\application/1575930162000"
# webtalk_add_data -client sdk -key Procused -value "microblaze" -context "sdk\\\\application/1575930162000"
# webtalk_add_data -client sdk -key projSize -value "102.5546875" -context "sdk\\\\application/1575930162000"
# webtalk_add_data -client sdk -key uid -value "NA" -context "sdk\\\\bsp/1575932675755"
# webtalk_add_data -client sdk -key RecordType -value "ToolUsage" -context "sdk\\\\bsp/1575932675755"
# webtalk_add_data -client sdk -key BootgenCount -value "0" -context "sdk\\\\bsp/1575932675755"
# webtalk_add_data -client sdk -key DebugCount -value "0" -context "sdk\\\\bsp/1575932675755"
# webtalk_add_data -client sdk -key PerfCount -value "0" -context "sdk\\\\bsp/1575932675755"
# webtalk_add_data -client sdk -key FlashCount -value "0" -context "sdk\\\\bsp/1575932675755"
# webtalk_add_data -client sdk -key CrossTriggCount -value "0" -context "sdk\\\\bsp/1575932675755"
# webtalk_add_data -client sdk -key QemuDebugCount -value "0" -context "sdk\\\\bsp/1575932675755"
# webtalk_transmit -clientid 3388300152 -regid "211827252_1777533353_0_848" -xml /home/jiwon/project/team2/team_2_v_006_memory_connection/team_2_v_006_memory_connection.sdk/webtalk/usage_statistics_ext_sdk.xml -html /home/jiwon/project/team2/team_2_v_006_memory_connection/team_2_v_006_memory_connection.sdk/webtalk/usage_statistics_ext_sdk.html -wdm /home/jiwon/project/team2/team_2_v_006_memory_connection/team_2_v_006_memory_connection.sdk/webtalk/sdk_webtalk.wdm -intro "<H3>SDK Usage Report</H3><BR>"
INFO: [Common 17-186] '/home/jiwon/project/team2/team_2_v_006_memory_connection/team_2_v_006_memory_connection.sdk/webtalk/usage_statistics_ext_sdk.xml' has been successfully sent to Xilinx on Mon Dec  9 16:04:39 2019. For additional details about this file, please refer to the WebTalk help file at /tools/Xilinx/SDK/2019.1/doc/webtalk_introduction.html.
# webtalk_terminate
INFO: [Common 17-206] Exiting Webtalk at Mon Dec  9 16:04:39 2019...
