#-----------------------------------------------------------
# Webtalk v2019.1 (64-bit)
# SW Build 2552052 on Fri May 24 14:47:09 MDT 2019
# 
# Start of session at: Tue Dec 10 10:59:01 2019
# Process ID: 8012
# Current directory: /home/scadder/project/team2/team_2_v_006_memory_connection/team_2_v_006_memory_connection.sdk/webtalk
# Command line: wbtcv -mode batch -source sdk_webtalk.tcl
# Log file: /home/scadder/project/team2/team_2_v_006_memory_connection/team_2_v_006_memory_connection.sdk/webtalk/webtalk.log
# Journal file: /home/scadder/project/team2/team_2_v_006_memory_connection/team_2_v_006_memory_connection.sdk/webtalk/webtalk.jou
#-----------------------------------------------------------
source sdk_webtalk.tcl
# webtalk_init -webtalk_dir /home/scadder/project/team2/team_2_v_006_memory_connection/team_2_v_006_memory_connection.sdk/webtalk
# webtalk_register_client -client project
# webtalk_add_data -client project -key date_generated -value "2019-12-10 10:59:00" -context "software_version_and_target_device"
# webtalk_add_data -client project -key product_version -value "SDK v2019.1" -context "software_version_and_target_device"
# webtalk_add_data -client project -key build_version -value "2019.1" -context "software_version_and_target_device"
# webtalk_add_data -client project -key os_platform -value "amd64" -context "software_version_and_target_device"
# webtalk_add_data -client project -key registration_id -value "211827252_1777533353_210715039_447" -context "software_version_and_target_device"
# webtalk_add_data -client project -key tool_flow -value "SDK" -context "software_version_and_target_device"
# webtalk_add_data -client project -key beta -value "false" -context "software_version_and_target_device"
# webtalk_add_data -client project -key route_design -value "NA" -context "software_version_and_target_device"
# webtalk_add_data -client project -key target_family -value "NA" -context "software_version_and_target_device"
# webtalk_add_data -client project -key target_device -value "NA" -context "software_version_and_target_device"
# webtalk_add_data -client project -key target_package -value "NA" -context "software_version_and_target_device"
# webtalk_add_data -client project -key target_speed -value "NA" -context "software_version_and_target_device"
# webtalk_add_data -client project -key random_id -value "t5lhgr9d9dimu08oqem7vckf3a" -context "software_version_and_target_device"
# webtalk_add_data -client project -key project_id -value "2019.1_23" -context "software_version_and_target_device"
# webtalk_add_data -client project -key project_iteration -value "23" -context "software_version_and_target_device"
# webtalk_add_data -client project -key os_name -value "Ubuntu" -context "user_environment"
# webtalk_add_data -client project -key os_release -value "Ubuntu 18.04.3 LTS" -context "user_environment"
# webtalk_add_data -client project -key cpu_name -value "Intel(R) Core(TM) i7-8850H CPU @ 2.60GHz" -context "user_environment"
# webtalk_add_data -client project -key cpu_speed -value "4076.743 MHz" -context "user_environment"
# webtalk_add_data -client project -key total_processors -value "1" -context "user_environment"
# webtalk_add_data -client project -key system_ram -value "33.355 GB" -context "user_environment"
# webtalk_register_client -client sdk
# webtalk_add_data -client sdk -key uid -value "1576000720000" -context "sdk\\\\hardware/1576000720000"
# webtalk_add_data -client sdk -key isZynq -value "true" -context "sdk\\\\hardware/1576000720000"
# webtalk_add_data -client sdk -key isZynqMP -value "false" -context "sdk\\\\hardware/1576000720000"
# webtalk_add_data -client sdk -key Processors -value "3" -context "sdk\\\\hardware/1576000720000"
# webtalk_add_data -client sdk -key VivadoVersion -value "2019.1" -context "sdk\\\\hardware/1576000720000"
# webtalk_add_data -client sdk -key Arch -value "zynq" -context "sdk\\\\hardware/1576000720000"
# webtalk_add_data -client sdk -key Device -value "7z045" -context "sdk\\\\hardware/1576000720000"
# webtalk_add_data -client sdk -key IsHandoff -value "true" -context "sdk\\\\hardware/1576000720000"
# webtalk_add_data -client sdk -key os -value "NA" -context "sdk\\\\hardware/1576000720000"
# webtalk_add_data -client sdk -key apptemplate -value "NA" -context "sdk\\\\hardware/1576000720000"
# webtalk_add_data -client sdk -key RecordType -value "HWCreation" -context "sdk\\\\hardware/1576000720000"
# webtalk_add_data -client sdk -key uid -value "NA" -context "sdk\\\\bsp/1576000740696"
# webtalk_add_data -client sdk -key RecordType -value "ToolUsage" -context "sdk\\\\bsp/1576000740696"
# webtalk_add_data -client sdk -key BootgenCount -value "0" -context "sdk\\\\bsp/1576000740696"
# webtalk_add_data -client sdk -key DebugCount -value "0" -context "sdk\\\\bsp/1576000740696"
# webtalk_add_data -client sdk -key PerfCount -value "0" -context "sdk\\\\bsp/1576000740696"
# webtalk_add_data -client sdk -key FlashCount -value "0" -context "sdk\\\\bsp/1576000740696"
# webtalk_add_data -client sdk -key CrossTriggCount -value "0" -context "sdk\\\\bsp/1576000740696"
# webtalk_add_data -client sdk -key QemuDebugCount -value "0" -context "sdk\\\\bsp/1576000740696"
# webtalk_transmit -clientid 161733397 -regid "211827252_1777533353_210715039_447" -xml /home/scadder/project/team2/team_2_v_006_memory_connection/team_2_v_006_memory_connection.sdk/webtalk/usage_statistics_ext_sdk.xml -html /home/scadder/project/team2/team_2_v_006_memory_connection/team_2_v_006_memory_connection.sdk/webtalk/usage_statistics_ext_sdk.html -wdm /home/scadder/project/team2/team_2_v_006_memory_connection/team_2_v_006_memory_connection.sdk/webtalk/sdk_webtalk.wdm -intro "<H3>SDK Usage Report</H3><BR>"
INFO: [Common 17-186] '/home/scadder/project/team2/team_2_v_006_memory_connection/team_2_v_006_memory_connection.sdk/webtalk/usage_statistics_ext_sdk.xml' has been successfully sent to Xilinx on Tue Dec 10 10:59:03 2019. For additional details about this file, please refer to the WebTalk help file at /tools/Xilinx/SDK/2019.1/doc/webtalk_introduction.html.
# webtalk_terminate
INFO: [Common 17-206] Exiting Webtalk at Tue Dec 10 10:59:03 2019...
