Copyright 1986-2019 Xilinx, Inc. All Rights Reserved.
---------------------------------------------------------------------------------------------
| Tool Version : Vivado v.2019.1 (lin64) Build 2552052 Fri May 24 14:47:09 MDT 2019
| Date         : Sat Jan 18 21:36:41 2020
| Host         : scadder running 64-bit Ubuntu 18.04.3 LTS
| Command      : report_control_sets -verbose -file design_1_wrapper_control_sets_placed.rpt
| Design       : design_1_wrapper
| Device       : xc7z045
---------------------------------------------------------------------------------------------

Control Set Information

Table of Contents
-----------------
1. Summary
2. Histogram
3. Flip-Flop Distribution
4. Detailed Control Set Information

1. Summary
----------

+----------------------------------------------------------+-------+
|                          Status                          | Count |
+----------------------------------------------------------+-------+
| Total control sets                                       |    72 |
|    Minimum number of control sets                        |    72 |
|    Addition due to synthesis replication                 |     0 |
|    Addition due to physical synthesis replication        |     0 |
| Unused register locations in slices containing registers |   211 |
+----------------------------------------------------------+-------+
* Control sets can be merged at opt_design using control_set_merge or merge_equivalent_drivers
** Run report_qor_suggestions for automated merging and remapping suggestions


2. Histogram
------------

+--------------------+-------+
|       Fanout       | Count |
+--------------------+-------+
| Total control sets |    72 |
| >= 0 to < 4        |    12 |
| >= 4 to < 6        |    11 |
| >= 6 to < 8        |     4 |
| >= 8 to < 10       |     6 |
| >= 10 to < 12      |     4 |
| >= 12 to < 14      |     4 |
| >= 14 to < 16      |     0 |
| >= 16              |    31 |
+--------------------+-------+
* Control sets can be remapped at either synth_design or opt_design


3. Flip-Flop Distribution
-------------------------

+--------------+-----------------------+------------------------+-----------------+--------------+
| Clock Enable | Synchronous Set/Reset | Asynchronous Set/Reset | Total Registers | Total Slices |
+--------------+-----------------------+------------------------+-----------------+--------------+
| No           | No                    | No                     |             228 |           93 |
| No           | No                    | Yes                    |              29 |            6 |
| No           | Yes                   | No                     |             261 |          118 |
| Yes          | No                    | No                     |             266 |           64 |
| Yes          | No                    | Yes                    |              15 |            8 |
| Yes          | Yes                   | No                     |             830 |          248 |
+--------------+-----------------------+------------------------+-----------------+--------------+


4. Detailed Control Set Information
-----------------------------------

+----------------------------------------------------------------+------------------------------------------------------------------------------------------------------------------------------------------------------------------------------------------------------------+------------------------------------------------------------------------------------------------------------------------------------------------------------------------------------------+------------------+----------------+
|                          Clock Signal                          |                                                                                                Enable Signal                                                                                               |                                                                                     Set/Reset Signal                                                                                     | Slice Load Count | Bel Load Count |
+----------------------------------------------------------------+------------------------------------------------------------------------------------------------------------------------------------------------------------------------------------------------------------+------------------------------------------------------------------------------------------------------------------------------------------------------------------------------------------+------------------+----------------+
|  design_1_i/mdm_1/U0/No_Dbg_Reg_Access.BUFG_DRCK/Ext_JTAG_DRCK | design_1_i/mdm_1/U0/Use_E2.BSCAN_I/Use_BSCAN.PORT_Selector_reg[0]                                                                                                                                          | design_1_i/mdm_1/U0/MDM_Core_I1/JTAG_CONTROL_I/sel_with_scan_reset19_out                                                                                                                 |                1 |              1 |
|  design_1_i/processing_system7_0/inst/FCLK_CLK0                |                                                                                                                                                                                                            | design_1_i/microblaze_0/U0/MicroBlaze_Core_I/Performance.Core/Use_Debug_Logic.Master_Core.Debug_Perf/capture_1                                                                           |                1 |              1 |
|  design_1_i/mdm_1/U0/Use_E2.BSCAN_I/Ext_JTAG_UPDATE            | design_1_i/microblaze_0/U0/MicroBlaze_Core_I/Performance.Core/Use_Debug_Logic.Master_Core.Debug_Perf/Control_Reg_En                                                                                        | design_1_i/microblaze_0/U0/MicroBlaze_Core_I/Performance.Core/Use_Debug_Logic.Master_Core.Debug_Perf/Serial_Dbg_Intf.force_stop_cmd_i_reg_0                                              |                1 |              1 |
|  design_1_i/mdm_1/U0/Use_E2.BSCAN_I/Ext_JTAG_UPDATE            | design_1_i/microblaze_0/U0/MicroBlaze_Core_I/Performance.Core/Use_Debug_Logic.Master_Core.Debug_Perf/Control_Reg_En                                                                                        | design_1_i/microblaze_0/U0/MicroBlaze_Core_I/Performance.Core/Use_Debug_Logic.Master_Core.Debug_Perf/Serial_Dbg_Intf.continue_from_brk_reg_n_0                                           |                1 |              1 |
|  design_1_i/mdm_1/U0/Use_E2.BSCAN_I/Ext_JTAG_UPDATE            | design_1_i/microblaze_0/U0/MicroBlaze_Core_I/Performance.Core/Use_Debug_Logic.Master_Core.Debug_Perf/Control_Reg_En                                                                                        | design_1_i/microblaze_0/U0/MicroBlaze_Core_I/Performance.Core/Use_Debug_Logic.Master_Core.Debug_Perf/Serial_Dbg_Intf.normal_stop_cmd_i_reg_n_0                                           |                1 |              1 |
|  design_1_i/mdm_1/U0/Use_E2.BSCAN_I/Ext_JTAG_UPDATE            | design_1_i/microblaze_0/U0/MicroBlaze_Core_I/Performance.Core/Use_Debug_Logic.Master_Core.Debug_Perf/Control_Reg_En                                                                                        | design_1_i/microblaze_0/U0/MicroBlaze_Core_I/Performance.Core/Use_Debug_Logic.Master_Core.Debug_Perf/start_single_step_reg_n_0                                                           |                1 |              1 |
| ~design_1_i/mdm_1/U0/Use_E2.BSCAN_I/Ext_JTAG_UPDATE            |                                                                                                                                                                                                            |                                                                                                                                                                                          |                1 |              1 |
| ~design_1_i/mdm_1/U0/Use_E2.BSCAN_I/Ext_JTAG_UPDATE            |                                                                                                                                                                                                            | design_1_i/mdm_1/U0/MDM_Core_I1/JTAG_CONTROL_I/sel_n                                                                                                                                     |                1 |              1 |
| ~design_1_i/mdm_1/U0/No_Dbg_Reg_Access.BUFG_DRCK/Ext_JTAG_DRCK | design_1_i/mdm_1/U0/MDM_Core_I1/JTAG_CONTROL_I/Use_BSCAN.FDC_I/CE                                                                                                                                          | design_1_i/mdm_1/U0/MDM_Core_I1/JTAG_CONTROL_I/Use_BSCAN.FDC_I/D_1                                                                                                                       |                1 |              1 |
|  design_1_i/processing_system7_0/inst/FCLK_CLK0                | design_1_i/microblaze_0/U0/MicroBlaze_Core_I/Performance.Core/Decode_I/Use_MuxCy[11].OF_Piperun_Stage/MUXCY_I/of_pause_reg                                                                                 |                                                                                                                                                                                          |                1 |              2 |
|  design_1_i/mdm_1/U0/Use_E2.BSCAN_I/Ext_JTAG_UPDATE            | design_1_i/microblaze_0/U0/MicroBlaze_Core_I/Performance.Core/Use_Debug_Logic.Master_Core.Debug_Perf/Command_Reg_En                                                                                        | design_1_i/microblaze_0/U0/MicroBlaze_Core_I/Performance.Core/Use_Debug_Logic.Master_Core.Debug_Perf/command_reg_clear                                                                   |                1 |              2 |
|  design_1_i/mdm_1/U0/Use_E2.BSCAN_I/Ext_JTAG_UPDATE            |                                                                                                                                                                                                            |                                                                                                                                                                                          |                2 |              3 |
| ~design_1_i/mdm_1/U0/Use_E2.BSCAN_I/Ext_JTAG_UPDATE            |                                                                                                                                                                                                            | design_1_i/mdm_1/U0/Use_E2.BSCAN_I/AR[0]                                                                                                                                                 |                1 |              4 |
|  design_1_i/processing_system7_0/inst/FCLK_CLK0                | design_1_i/axi_bram_ctrl_1/U0/gext_inst.abcv4_0_ext_inst/GEN_AXI4.I_FULL_AXI/I_RD_CHNL/FSM_sequential_GEN_NO_RD_CMD_OPT.rd_data_sm_cs[3]_i_1_n_0                                                           | design_1_i/axi_bram_ctrl_1/U0/gext_inst.abcv4_0_ext_inst/GEN_AXI4.I_FULL_AXI/I_RD_CHNL/GEN_NO_RD_CMD_OPT.I_WRAP_BRST/s_axi_aresetn_0                                                     |                2 |              4 |
|  design_1_i/processing_system7_0/inst/FCLK_CLK0                | design_1_i/axi_bram_ctrl_0/U0/gext_inst.abcv4_0_ext_inst/GEN_AXI4.I_FULL_AXI/I_WR_CHNL/wrdata_reg_ld                                                                                                       | design_1_i/axi_bram_ctrl_0/U0/gext_inst.abcv4_0_ext_inst/GEN_AXI4.I_FULL_AXI/I_WR_CHNL/GEN_WR_NO_ECC.bram_we_int[3]_i_1_n_0                                                              |                1 |              4 |
|  design_1_i/processing_system7_0/inst/FCLK_CLK0                | design_1_i/axi_bram_ctrl_0/U0/gext_inst.abcv4_0_ext_inst/GEN_AXI4.I_FULL_AXI/I_WR_CHNL/BID_FIFO/bid_fifo_not_empty                                                                                         | design_1_i/axi_bram_ctrl_0/U0/gext_inst.abcv4_0_ext_inst/GEN_AXI4.I_FULL_AXI/I_RD_CHNL/GEN_NO_RD_CMD_OPT.I_WRAP_BRST/s_axi_aresetn_0                                                     |                1 |              4 |
|  design_1_i/mdm_1/U0/Use_E2.BSCAN_I/Ext_JTAG_UPDATE            | design_1_i/microblaze_0/U0/MicroBlaze_Core_I/Performance.Core/Use_Debug_Logic.Master_Core.Debug_Perf/Control_Reg_En                                                                                        |                                                                                                                                                                                          |                1 |              4 |
|  design_1_i/mdm_1/U0/No_Dbg_Reg_Access.BUFG_DRCK/Ext_JTAG_DRCK | design_1_i/mdm_1/U0/MDM_Core_I1/p_6_out                                                                                                                                                                    | design_1_i/mdm_1/U0/Use_E2.BSCAN_I/AR[0]                                                                                                                                                 |                1 |              4 |
|  design_1_i/processing_system7_0/inst/FCLK_CLK0                | design_1_i/axi_bram_ctrl_1/U0/gext_inst.abcv4_0_ext_inst/GEN_AXI4.I_FULL_AXI/I_WR_CHNL/wrdata_reg_ld                                                                                                       | design_1_i/axi_bram_ctrl_1/U0/gext_inst.abcv4_0_ext_inst/GEN_AXI4.I_FULL_AXI/I_WR_CHNL/GEN_WR_NO_ECC.bram_we_int[3]_i_1_n_0                                                              |                1 |              4 |
|  design_1_i/mdm_1/U0/Use_E2.BSCAN_I/Ext_JTAG_UPDATE            | design_1_i/mdm_1/U0/MDM_Core_I1/MDM_SEL                                                                                                                                                                    | design_1_i/mdm_1/U0/Use_E2.BSCAN_I/AR[0]                                                                                                                                                 |                1 |              4 |
|  design_1_i/processing_system7_0/inst/FCLK_CLK0                | design_1_i/axi_bram_ctrl_0/U0/gext_inst.abcv4_0_ext_inst/GEN_AXI4.I_FULL_AXI/I_RD_CHNL/FSM_sequential_GEN_NO_RD_CMD_OPT.rd_data_sm_cs[3]_i_1_n_0                                                           | design_1_i/axi_bram_ctrl_0/U0/gext_inst.abcv4_0_ext_inst/GEN_AXI4.I_FULL_AXI/I_RD_CHNL/GEN_NO_RD_CMD_OPT.I_WRAP_BRST/s_axi_aresetn_0                                                     |                4 |              4 |
|  design_1_i/processing_system7_0/inst/FCLK_CLK0                |                                                                                                                                                                                                            | design_1_i/rst_processing_system7_0_50M/U0/EXT_LPF/lpf_int                                                                                                                               |                1 |              5 |
|  design_1_i/processing_system7_0/inst/FCLK_CLK0                | design_1_i/microblaze_0/U0/MicroBlaze_Core_I/Performance.Core/Decode_I/wb_Halted                                                                                                                           | design_1_i/microblaze_0/U0/MicroBlaze_Core_I/sync_reset                                                                                                                                  |                2 |              5 |
|  design_1_i/processing_system7_0/inst/FCLK_CLK0                | design_1_i/rst_processing_system7_0_50M/U0/SEQ/seq_cnt_en                                                                                                                                                  | design_1_i/rst_processing_system7_0_50M/U0/SEQ/SEQ_COUNTER/clear                                                                                                                         |                1 |              6 |
|  design_1_i/mdm_1/U0/No_Dbg_Reg_Access.BUFG_DRCK/Ext_JTAG_DRCK | design_1_i/mdm_1/U0/Use_E2.BSCAN_I/Using_FPGA.Native[0]                                                                                                                                                    |                                                                                                                                                                                          |                2 |              6 |
|  design_1_i/mdm_1/U0/No_Dbg_Reg_Access.BUFG_DRCK/Ext_JTAG_DRCK | design_1_i/mdm_1/U0/MDM_Core_I1/JTAG_CONTROL_I/Use_BSCAN.FDC_I/Using_FPGA.Native_1[0]                                                                                                                      |                                                                                                                                                                                          |                1 |              6 |
|  design_1_i/mdm_1/U0/No_Dbg_Reg_Access.BUFG_DRCK/Ext_JTAG_DRCK | design_1_i/mdm_1/U0/Use_E2.BSCAN_I/E[0]                                                                                                                                                                    |                                                                                                                                                                                          |                2 |              6 |
|  design_1_i/mdm_1/U0/No_Dbg_Reg_Access.BUFG_DRCK/Ext_JTAG_DRCK | design_1_i/mdm_1/U0/MDM_Core_I1/JTAG_CONTROL_I/tdi_shifter0                                                                                                                                                |                                                                                                                                                                                          |                1 |              8 |
|  design_1_i/processing_system7_0/inst/FCLK_CLK0                | design_1_i/axi_bram_ctrl_0/U0/gext_inst.abcv4_0_ext_inst/GEN_AXI4.I_FULL_AXI/I_RD_CHNL/GEN_NO_RD_CMD_OPT.brst_cnt[7]_i_1_n_0                                                                               | design_1_i/axi_bram_ctrl_0/U0/gext_inst.abcv4_0_ext_inst/GEN_AXI4.I_FULL_AXI/I_RD_CHNL/GEN_NO_RD_CMD_OPT.I_WRAP_BRST/s_axi_aresetn_0                                                     |                3 |              8 |
|  design_1_i/mdm_1/U0/No_Dbg_Reg_Access.BUFG_DRCK/Ext_JTAG_DRCK | design_1_i/microblaze_0/U0/MicroBlaze_Core_I/Performance.Core/Use_Debug_Logic.Master_Core.Debug_Perf/Using_PC_Breakpoints.All_PC_Brks[0].Serial_Interface_1.address_hit_I/Compare[0].SRLC16E_I/which_pc__0 |                                                                                                                                                                                          |                7 |              8 |
|  design_1_i/mdm_1/U0/Use_E2.BSCAN_I/Ext_JTAG_UPDATE            | design_1_i/mdm_1/U0/MDM_Core_I1/JTAG_CONTROL_I/Use_BSCAN.FDC_I/Use_BSCAN.PORT_Selector_reg[2][0]                                                                                                           |                                                                                                                                                                                          |                1 |              8 |
| ~design_1_i/mdm_1/U0/Use_E2.BSCAN_I/Ext_JTAG_UPDATE            | design_1_i/mdm_1/U0/MDM_Core_I1/JTAG_CONTROL_I/Use_BSCAN.command[0]_i_1_n_0                                                                                                                                |                                                                                                                                                                                          |                3 |              8 |
|  design_1_i/processing_system7_0/inst/FCLK_CLK0                | design_1_i/axi_bram_ctrl_1/U0/gext_inst.abcv4_0_ext_inst/GEN_AXI4.I_FULL_AXI/I_RD_CHNL/GEN_NO_RD_CMD_OPT.brst_cnt[7]_i_1_n_0                                                                               | design_1_i/axi_bram_ctrl_1/U0/gext_inst.abcv4_0_ext_inst/GEN_AXI4.I_FULL_AXI/I_RD_CHNL/GEN_NO_RD_CMD_OPT.I_WRAP_BRST/s_axi_aresetn_0                                                     |                4 |              8 |
|  design_1_i/processing_system7_0/inst/FCLK_CLK0                | design_1_i/axi_bram_ctrl_1/U0/gext_inst.abcv4_0_ext_inst/GEN_AXI4.I_FULL_AXI/I_RD_CHNL/GEN_NO_RD_CMD_OPT.I_WRAP_BRST/E[0]                                                                                  | design_1_i/axi_bram_ctrl_1/U0/gext_inst.abcv4_0_ext_inst/GEN_AXI4.I_FULL_AXI/I_WR_CHNL/I_WRAP_BRST/curr_fixed_burst_reg_reg                                                              |                4 |             10 |
|  design_1_i/processing_system7_0/inst/FCLK_CLK0                | design_1_i/axi_bram_ctrl_0/U0/gext_inst.abcv4_0_ext_inst/GEN_AXI4.I_FULL_AXI/I_RD_CHNL/GEN_NO_RD_CMD_OPT.I_WRAP_BRST/E[0]                                                                                  | design_1_i/axi_bram_ctrl_0/U0/gext_inst.abcv4_0_ext_inst/GEN_AXI4.I_FULL_AXI/I_WR_CHNL/I_WRAP_BRST/curr_fixed_burst_reg_reg                                                              |                4 |             10 |
|  design_1_i/mdm_1/U0/No_Dbg_Reg_Access.BUFG_DRCK/Ext_JTAG_DRCK | design_1_i/mdm_1/U0/MDM_Core_I1/JTAG_CONTROL_I/Use_BSCAN.FDC_I/E[0]                                                                                                                                        |                                                                                                                                                                                          |                4 |             10 |
|  design_1_i/processing_system7_0/inst/FCLK_CLK0                |                                                                                                                                                                                                            | design_1_i/axi_mem_intercon/xbar/inst/gen_sasd.crossbar_sasd_0/addr_arbiter_inst/SR[0]                                                                                                   |                5 |             11 |
|  design_1_i/processing_system7_0/inst/FCLK_CLK0                | design_1_i/axi_bram_ctrl_0/U0/gext_inst.abcv4_0_ext_inst/GEN_AXI4.I_FULL_AXI/I_WR_CHNL/BID_FIFO/CI                                                                                                         |                                                                                                                                                                                          |                2 |             12 |
|  design_1_i/processing_system7_0/inst/FCLK_CLK0                | design_1_i/axi_bram_ctrl_0/U0/gext_inst.abcv4_0_ext_inst/GEN_AXI4.I_FULL_AXI/I_RD_CHNL/GEN_NO_RD_CMD_OPT.GEN_RID_SNG.axi_rid_int[11]_i_2_n_0                                                               | design_1_i/axi_bram_ctrl_0/U0/gext_inst.abcv4_0_ext_inst/GEN_AXI4.I_FULL_AXI/I_RD_CHNL/GEN_NO_RD_CMD_OPT.GEN_RID_SNG.axi_rid_int[11]_i_1_n_0                                             |                3 |             12 |
|  design_1_i/processing_system7_0/inst/FCLK_CLK0                | design_1_i/axi_bram_ctrl_0/U0/gext_inst.abcv4_0_ext_inst/GEN_AXI4.I_FULL_AXI/I_WR_CHNL/BID_FIFO/E[0]                                                                                                       | design_1_i/axi_bram_ctrl_0/U0/gext_inst.abcv4_0_ext_inst/GEN_AXI4.I_FULL_AXI/I_RD_CHNL/GEN_NO_RD_CMD_OPT.I_WRAP_BRST/s_axi_aresetn_0                                                     |                3 |             12 |
|  design_1_i/processing_system7_0/inst/FCLK_CLK0                | design_1_i/axi_bram_ctrl_0/U0/gext_inst.abcv4_0_ext_inst/GEN_AXI4.I_FULL_AXI/GEN_ARB.I_SNG_PORT/aw_active_re                                                                                               | design_1_i/axi_bram_ctrl_0/U0/gext_inst.abcv4_0_ext_inst/GEN_AXI4.I_FULL_AXI/I_RD_CHNL/GEN_NO_RD_CMD_OPT.I_WRAP_BRST/s_axi_aresetn_0                                                     |                3 |             13 |
|  design_1_i/processing_system7_0/inst/FCLK_CLK0                | design_1_i/microblaze_0/U0/MicroBlaze_Core_I/Performance.Core/Decode_I/PreFetch_Buffer_I1/OF_Valid_DFF/Using_FPGA.Native_1[0]                                                                              | design_1_i/microblaze_0/U0/MicroBlaze_Core_I/sync_reset                                                                                                                                  |                6 |             16 |
|  design_1_i/processing_system7_0/inst/FCLK_CLK0                | design_1_i/microblaze_0/U0/MicroBlaze_Core_I/Performance.Core/Decode_I/mem_wait_on_ready_N_carry_or/MUXCY_I/lopt_1                                                                                         | design_1_i/microblaze_0/U0/MicroBlaze_Core_I/sync_reset                                                                                                                                  |                7 |             20 |
|  design_1_i/mdm_1/U0/No_Dbg_Reg_Access.BUFG_DRCK/Ext_JTAG_DRCK |                                                                                                                                                                                                            | design_1_i/mdm_1/U0/Use_E2.BSCAN_I/shift_n_reset4_out                                                                                                                                    |                3 |             23 |
|  design_1_i/processing_system7_0/inst/FCLK_CLK0                | design_1_i/axi_bram_ctrl_0/U0/gext_inst.abcv4_0_ext_inst/GEN_AXI4.I_FULL_AXI/GEN_ARB.I_SNG_PORT/ar_active_re                                                                                               | design_1_i/axi_bram_ctrl_0/U0/gext_inst.abcv4_0_ext_inst/GEN_AXI4.I_FULL_AXI/I_RD_CHNL/GEN_NO_RD_CMD_OPT.I_WRAP_BRST/s_axi_aresetn_0                                                     |                6 |             27 |
|  design_1_i/processing_system7_0/inst/FCLK_CLK0                |                                                                                                                                                                                                            | design_1_i/axi_bram_ctrl_1/U0/gext_inst.abcv4_0_ext_inst/GEN_AXI4.I_FULL_AXI/I_RD_CHNL/GEN_NO_RD_CMD_OPT.I_WRAP_BRST/s_axi_aresetn_0                                                     |               16 |             31 |
|  design_1_i/processing_system7_0/inst/FCLK_CLK0                |                                                                                                                                                                                                            | design_1_i/microblaze_0/U0/MicroBlaze_Core_I/Performance.Core/p_1_out                                                                                                                    |               15 |             32 |
|  design_1_i/mdm_1/U0/No_Dbg_Reg_Access.BUFG_DRCK/Ext_JTAG_DRCK | design_1_i/microblaze_0/U0/MicroBlaze_Core_I/Performance.Core/Use_Debug_Logic.Master_Core.Debug_Perf/New_Dbg_Instr_TCK                                                                                     |                                                                                                                                                                                          |                9 |             32 |
|  design_1_i/processing_system7_0/inst/FCLK_CLK0                | design_1_i/axi_mem_intercon/xbar/inst/gen_sasd.crossbar_sasd_0/addr_arbiter_inst/p_0_in1_in                                                                                                                | design_1_i/axi_mem_intercon/xbar/inst/gen_sasd.crossbar_sasd_0/addr_arbiter_inst/SR[0]                                                                                                   |               12 |             32 |
|  design_1_i/processing_system7_0/inst/FCLK_CLK0                | design_1_i/axi_mem_intercon/xbar/inst/gen_sasd.crossbar_sasd_0/addr_arbiter_inst/s_axi_rvalid[0]                                                                                                           | design_1_i/microblaze_0/U0/MicroBlaze_Core_I/sync_reset                                                                                                                                  |                9 |             32 |
|  design_1_i/processing_system7_0/inst/FCLK_CLK0                | design_1_i/microblaze_0/U0/MicroBlaze_Core_I/Performance.Core/Use_Debug_Logic.Master_Core.Debug_Perf/data_rd_reg[0]_i_1_n_0                                                                                | design_1_i/microblaze_0/U0/MicroBlaze_Core_I/sync_reset                                                                                                                                  |                9 |             32 |
|  design_1_i/processing_system7_0/inst/FCLK_CLK0                | design_1_i/microblaze_0/U0/MicroBlaze_Core_I/Performance.Core/Decode_I/mem_wait_on_ready_N_carry_or/MUXCY_I/lopt_1                                                                                         | design_1_i/microblaze_0/U0/MicroBlaze_Core_I/Performance.Core/Decode_I/SR[0]                                                                                                             |               12 |             32 |
|  design_1_i/processing_system7_0/inst/FCLK_CLK0                | design_1_i/microblaze_0/U0/MicroBlaze_Core_I/Performance.Core/Decode_I/Use_MuxCy[3].OF_Piperun_Stage/MUXCY_I/wb_exception_kind_i_reg[28][0]                                                                | design_1_i/microblaze_0/U0/MicroBlaze_Core_I/sync_reset                                                                                                                                  |                6 |             32 |
|  design_1_i/processing_system7_0/inst/FCLK_CLK0                | design_1_i/axi_bram_ctrl_0/U0/gext_inst.abcv4_0_ext_inst/GEN_AXI4.I_FULL_AXI/I_WR_CHNL/wrdata_reg_ld                                                                                                       |                                                                                                                                                                                          |                7 |             32 |
|  design_1_i/processing_system7_0/inst/FCLK_CLK0                | design_1_i/axi_bram_ctrl_1/U0/gext_inst.abcv4_0_ext_inst/GEN_AXI4.I_FULL_AXI/I_RD_CHNL/axi_rdata_en                                                                                                        | design_1_i/axi_bram_ctrl_1/U0/gext_inst.abcv4_0_ext_inst/GEN_AXI4.I_FULL_AXI/I_RD_CHNL/GEN_NO_RD_CMD_OPT.GEN_RDATA_NO_ECC.GEN_RDATA_NO_RL_NO_ECC.GEN_RDATA[31].axi_rdata_int[31]_i_1_n_0 |                4 |             32 |
|  design_1_i/processing_system7_0/inst/FCLK_CLK0                | design_1_i/axi_bram_ctrl_1/U0/gext_inst.abcv4_0_ext_inst/GEN_AXI4.I_FULL_AXI/I_RD_CHNL/rd_skid_buf_ld                                                                                                      | design_1_i/axi_bram_ctrl_1/U0/gext_inst.abcv4_0_ext_inst/GEN_AXI4.I_FULL_AXI/I_RD_CHNL/GEN_NO_RD_CMD_OPT.I_WRAP_BRST/s_axi_aresetn_0                                                     |                7 |             32 |
|  design_1_i/processing_system7_0/inst/FCLK_CLK0                | design_1_i/axi_bram_ctrl_0/U0/gext_inst.abcv4_0_ext_inst/GEN_AXI4.I_FULL_AXI/I_RD_CHNL/rd_skid_buf_ld                                                                                                      | design_1_i/axi_bram_ctrl_0/U0/gext_inst.abcv4_0_ext_inst/GEN_AXI4.I_FULL_AXI/I_RD_CHNL/GEN_NO_RD_CMD_OPT.I_WRAP_BRST/s_axi_aresetn_0                                                     |                5 |             32 |
|  design_1_i/processing_system7_0/inst/FCLK_CLK0                | design_1_i/axi_bram_ctrl_0/U0/gext_inst.abcv4_0_ext_inst/GEN_AXI4.I_FULL_AXI/I_RD_CHNL/axi_rdata_en                                                                                                        | design_1_i/axi_bram_ctrl_0/U0/gext_inst.abcv4_0_ext_inst/GEN_AXI4.I_FULL_AXI/I_RD_CHNL/GEN_NO_RD_CMD_OPT.GEN_RID_SNG.axi_rid_int[11]_i_1_n_0                                             |                4 |             32 |
|  design_1_i/processing_system7_0/inst/FCLK_CLK0                | design_1_i/microblaze_0/U0/MicroBlaze_Core_I/Performance.Core/Decode_I/PreFetch_Buffer_I1/Gen_Mux_Select_LUT6[2].Gen_Sel_DFF/if_fetch_in_progress_reg[0]                                                   | design_1_i/microblaze_0/U0/MicroBlaze_Core_I/sync_reset                                                                                                                                  |                7 |             32 |
|  design_1_i/processing_system7_0/inst/FCLK_CLK0                | design_1_i/axi_bram_ctrl_1/U0/gext_inst.abcv4_0_ext_inst/GEN_AXI4.I_FULL_AXI/I_WR_CHNL/wrdata_reg_ld                                                                                                       |                                                                                                                                                                                          |                8 |             32 |
|  design_1_i/processing_system7_0/inst/FCLK_CLK0                | design_1_i/microblaze_0/U0/MicroBlaze_Core_I/Performance.Core/Decode_I/Use_MuxCy[3].OF_Piperun_Stage/MUXCY_I/Using_FPGA.Native_0                                                                           | design_1_i/microblaze_0/U0/MicroBlaze_Core_I/Performance.Core/Decode_I/R                                                                                                                 |               11 |             32 |
|  design_1_i/processing_system7_0/inst/FCLK_CLK0                | design_1_i/microblaze_0/U0/MicroBlaze_Core_I/Performance.Core/Decode_I/mem_wait_on_ready_N_carry_or/MUXCY_I/lopt_1                                                                                         |                                                                                                                                                                                          |                5 |             32 |
|  design_1_i/processing_system7_0/inst/FCLK_CLK0                | design_1_i/axi_mem_intercon/xbar/inst/gen_sasd.crossbar_sasd_0/addr_arbiter_inst/E[0]                                                                                                                      |                                                                                                                                                                                          |                9 |             33 |
|  design_1_i/processing_system7_0/inst/FCLK_CLK0                |                                                                                                                                                                                                            | design_1_i/axi_bram_ctrl_0/U0/gext_inst.abcv4_0_ext_inst/GEN_AXI4.I_FULL_AXI/I_RD_CHNL/GEN_NO_RD_CMD_OPT.I_WRAP_BRST/s_axi_aresetn_0                                                     |               18 |             33 |
|  design_1_i/mdm_1/U0/No_Dbg_Reg_Access.BUFG_DRCK/Ext_JTAG_DRCK | design_1_i/mdm_1/U0/Use_E2.BSCAN_I/Use_BSCAN.PORT_Selector_reg[0]                                                                                                                                          |                                                                                                                                                                                          |               10 |             47 |
|  design_1_i/processing_system7_0/inst/FCLK_CLK0                | design_1_i/microblaze_0/U0/MicroBlaze_Core_I/Performance.Core/Decode_I/PreFetch_Buffer_I1/Instruction_Prefetch_Mux[42].Instr_Mux_MUXF7/IReady_0                                                            |                                                                                                                                                                                          |               10 |             75 |
|  design_1_i/mdm_1/U0/No_Dbg_Reg_Access.BUFG_DRCK/Ext_JTAG_DRCK |                                                                                                                                                                                                            |                                                                                                                                                                                          |               26 |             81 |
|  design_1_i/processing_system7_0/inst/FCLK_CLK0                | design_1_i/microblaze_0/U0/MicroBlaze_Core_I/Performance.Core/Decode_I/Use_MuxCy[3].OF_Piperun_Stage/MUXCY_I/Using_FPGA.Native_0                                                                           | design_1_i/microblaze_0/U0/MicroBlaze_Core_I/sync_reset                                                                                                                                  |               32 |             92 |
|  design_1_i/processing_system7_0/inst/FCLK_CLK0                | design_1_i/microblaze_0/U0/MicroBlaze_Core_I/Performance.Core/Decode_I/Performance_Debug_Control.dbg_state_nohalt_reg[34]                                                                                  |                                                                                                                                                                                          |               16 |            128 |
|  design_1_i/processing_system7_0/inst/FCLK_CLK0                |                                                                                                                                                                                                            | design_1_i/microblaze_0/U0/MicroBlaze_Core_I/sync_reset                                                                                                                                  |               63 |            149 |
|  design_1_i/processing_system7_0/inst/FCLK_CLK0                |                                                                                                                                                                                                            |                                                                                                                                                                                          |               68 |            159 |
|  design_1_i/processing_system7_0/inst/FCLK_CLK0                | design_1_i/microblaze_0/U0/MicroBlaze_Core_I/Performance.Core/Decode_I/Use_MuxCy[11].OF_Piperun_Stage/MUXCY_I/of_pause_reg                                                                                 | design_1_i/microblaze_0/U0/MicroBlaze_Core_I/sync_reset                                                                                                                                  |               74 |            218 |
+----------------------------------------------------------------+------------------------------------------------------------------------------------------------------------------------------------------------------------------------------------------------------------+------------------------------------------------------------------------------------------------------------------------------------------------------------------------------------------+------------------+----------------+


