#-----------------------------------------------------------
# Vivado v2019.1 (64-bit)
# SW Build 2552052 on Fri May 24 14:47:09 MDT 2019
# IP Build 2548770 on Fri May 24 18:01:18 MDT 2019
# Start of session at: Mon Jan 20 15:13:32 2020
# Process ID: 30330
# Current directory: /home/scadder/project/team2/team2_v007_memory_reading
# Command line: vivado
# Log file: /home/scadder/project/team2/team2_v007_memory_reading/vivado.log
# Journal file: /home/scadder/project/team2/team2_v007_memory_reading/vivado.jou
#-----------------------------------------------------------
start_gui
open_project /home/scadder/project/team2/team2_v007_memory_reading/team2_v007_memory_reading.xpr
Scanning sources...
Finished scanning sources
INFO: [IP_Flow 19-234] Refreshing IP repositories
INFO: [IP_Flow 19-1704] No user IP repositories specified
INFO: [IP_Flow 19-2313] Loaded Vivado IP repository '/tools/Xilinx/Vivado/2019.1/data/ip'.
open_project: Time (s): cpu = 00:00:12 ; elapsed = 00:00:05 . Memory (MB): peak = 6593.258 ; gain = 201.141 ; free physical = 7575 ; free virtual = 29217
update_compile_order -fileset sources_1
launch_sdk -workspace /home/scadder/project/team2/team2_v007_memory_reading/team2_v007_memory_reading.sdk -hwspec /home/scadder/project/team2/team2_v007_memory_reading/team2_v007_memory_reading.sdk/design_1_wrapper.hdf
INFO: [Vivado 12-393] Launching SDK...
INFO: [Vivado 12-417] Running xsdk -workspace /home/scadder/project/team2/team2_v007_memory_reading/team2_v007_memory_reading.sdk -hwspec /home/scadder/project/team2/team2_v007_memory_reading/team2_v007_memory_reading.sdk/design_1_wrapper.hdf
INFO: [Vivado 12-3157] SDK launch initiated. Please check console for any further messages.
open_bd_design {/home/scadder/project/team2/team2_v007_memory_reading/team2_v007_memory_reading.srcs/sources_1/bd/design_1/design_1.bd}
Adding component instance block -- xilinx.com:ip:lmb_bram_if_cntlr:4.0 - dlmb_bram_if_cntlr
Adding component instance block -- xilinx.com:ip:lmb_v10:3.0 - dlmb_v10
Adding component instance block -- xilinx.com:ip:lmb_bram_if_cntlr:4.0 - ilmb_bram_if_cntlr
Adding component instance block -- xilinx.com:ip:lmb_v10:3.0 - ilmb_v10
Adding component instance block -- xilinx.com:ip:blk_mem_gen:8.4 - lmb_bram
Adding component instance block -- xilinx.com:ip:axi_bram_ctrl:4.1 - axi_bram_ctrl_0
Adding component instance block -- xilinx.com:ip:axi_bram_ctrl:4.1 - axi_bram_ctrl_1
Adding component instance block -- xilinx.com:ip:axi_interconnect:2.1 - axi_mem_intercon
Adding component instance block -- xilinx.com:ip:axi_crossbar:2.1 - xbar
Adding component instance block -- xilinx.com:ip:axi_protocol_converter:2.1 - auto_pc
Adding component instance block -- xilinx.com:ip:axi_protocol_converter:2.1 - auto_pc
Adding component instance block -- xilinx.com:ip:axi_interconnect:2.1 - axi_mem_intercon_1
Adding component instance block -- xilinx.com:ip:axi_protocol_converter:2.1 - auto_pc
Adding component instance block -- xilinx.com:ip:blk_mem_gen:8.4 - blk_mem_gen_0
Adding component instance block -- xilinx.com:ip:mdm:3.2 - mdm_1
Adding component instance block -- xilinx.com:ip:microblaze:11.0 - microblaze_0
Adding component instance block -- xilinx.com:ip:processing_system7:5.5 - processing_system7_0
Adding component instance block -- xilinx.com:ip:proc_sys_reset:5.0 - rst_processing_system7_0_50M
Successfully read diagram <design_1> from BD file </home/scadder/project/team2/team2_v007_memory_reading/team2_v007_memory_reading.srcs/sources_1/bd/design_1/design_1.bd>
launch_sdk -workspace /home/scadder/project/team2/team2_v007_memory_reading/team2_v007_memory_reading.sdk -hwspec /home/scadder/project/team2/team2_v007_memory_reading/team2_v007_memory_reading.sdk/design_1_wrapper.hdf
INFO: [Vivado 12-393] Launching SDK...
INFO: [Vivado 12-417] Running xsdk -workspace /home/scadder/project/team2/team2_v007_memory_reading/team2_v007_memory_reading.sdk -hwspec /home/scadder/project/team2/team2_v007_memory_reading/team2_v007_memory_reading.sdk/design_1_wrapper.hdf
INFO: [Vivado 12-3157] SDK launch initiated. Please check console for any further messages.
