#-----------------------------------------------------------
# Vivado v2019.1 (64-bit)
# SW Build 2552052 on Fri May 24 14:47:09 MDT 2019
# IP Build 2548770 on Fri May 24 18:01:18 MDT 2019
# Start of session at: Wed Feb  5 15:33:39 2020
# Process ID: 16705
# Current directory: /home/scadder/project/team2/team2_v007_memory_reading
# Command line: vivado
# Log file: /home/scadder/project/team2/team2_v007_memory_reading/vivado.log
# Journal file: /home/scadder/project/team2/team2_v007_memory_reading/vivado.jou
#-----------------------------------------------------------
start_gui
open_project /home/scadder/project/team2/team2_v007_memory_reading/team2_v007_memory_reading.xpr
Scanning sources...
Finished scanning sources
INFO: [IP_Flow 19-234] Refreshing IP repositories
INFO: [IP_Flow 19-1704] No user IP repositories specified
INFO: [IP_Flow 19-2313] Loaded Vivado IP repository '/tools/Xilinx/Vivado/2019.1/data/ip'.
open_project: Time (s): cpu = 00:00:15 ; elapsed = 00:00:15 . Memory (MB): peak = 6621.469 ; gain = 209.348 ; free physical = 23324 ; free virtual = 30216
update_compile_order -fileset sources_1
launch_sdk -workspace /home/scadder/project/team2/team2_v007_memory_reading/team2_v007_memory_reading.sdk -hwspec /home/scadder/project/team2/team2_v007_memory_reading/team2_v007_memory_reading.sdk/design_1_wrapper.hdf
INFO: [Vivado 12-393] Launching SDK...
INFO: [Vivado 12-417] Running xsdk -workspace /home/scadder/project/team2/team2_v007_memory_reading/team2_v007_memory_reading.sdk -hwspec /home/scadder/project/team2/team2_v007_memory_reading/team2_v007_memory_reading.sdk/design_1_wrapper.hdf
INFO: [Vivado 12-3157] SDK launch initiated. Please check console for any further messages.
launch_sdk -workspace /home/scadder/project/team2/team2_v007_memory_reading/team2_v007_memory_reading.sdk -hwspec /home/scadder/project/team2/team2_v007_memory_reading/team2_v007_memory_reading.sdk/design_1_wrapper.hdf
INFO: [Vivado 12-393] Launching SDK...
INFO: [Vivado 12-417] Running xsdk -workspace /home/scadder/project/team2/team2_v007_memory_reading/team2_v007_memory_reading.sdk -hwspec /home/scadder/project/team2/team2_v007_memory_reading/team2_v007_memory_reading.sdk/design_1_wrapper.hdf
INFO: [Vivado 12-3157] SDK launch initiated. Please check console for any further messages.
exit
INFO: [Common 17-206] Exiting Vivado at Wed Feb  5 15:38:57 2020...
